xmelab(64): 24.03-s010: (c) Copyright 1995-2024 Cadence Design Systems, Inc.
TOOL:	xmelab(64)	24.03-s010: Started on Apr 10, 2026 at 13:19:27 KST
xmelab
    -MESS
    -access rwc
    tb_clk_gating

	Elaborating the design hierarchy:
		Caching library 'worklib' ....... Done
	Building instance overlay tables: .................... Done
	Generating native compiled code:
		worklib.clk_gating:module <0x5655e878>
			streams:   0, words:     0
		worklib.tb_clk_gating:module <0x5151c4fa>
			streams:   8, words:  6366
	Building instance specific data structures.
	Loading native compiled code:     .................... Done
	Design hierarchy summary:
		                 Instances  Unique
		Modules:                 2       2
		Registers:               2       2
		Scalar wires:            3       -
		Always blocks:           1       1
		Initial blocks:          1       1
		Cont. assignments:       0       1
		Pseudo assignments:      2       -
		Simulation timescale:  1ps
	Writing initial simulation snapshot: worklib.tb_clk_gating:module
TOOL:	xmelab(64)	24.03-s010: Exiting on Apr 10, 2026 at 13:19:27 KST  (total: 00:00:00)
