#-----------------------------------------------------------
# Vivado v2024.2 (64-bit)
# SW Build 5239630 on Fri Nov 08 22:34:34 MST 2024
# IP Build 5239520 on Sun Nov 10 16:12:51 MST 2024
# SharedData Build 5239561 on Fri Nov 08 14:39:27 MST 2024
# Start of session at: Fri Apr  3 14:59:25 2026
# Process ID         : 281841
# Current directory  : /home_cds/std012/digital_system_2026_1/digital_system_2026_1/2_vivado
# Command line       : vivado
# Log file           : /home_cds/std012/digital_system_2026_1/digital_system_2026_1/2_vivado/vivado.log
# Journal file       : /home_cds/std012/digital_system_2026_1/digital_system_2026_1/2_vivado/vivado.jou
# Running On         : ky-cds-semi
# Platform           : RedHatEnterprise
# Operating System   : Red Hat Enterprise Linux release 8.1 (Ootpa)
# Processor Detail   : Intel(R) Xeon(R) Silver 4316 CPU @ 2.30GHz
# CPU Frequency      : 2800.000 MHz
# CPU Physical cores : 40
# CPU Logical cores  : 80
# Host memory        : 540214 MB
# Swap memory        : 34359 MB
# Total Virtual      : 574573 MB
# Available Virtual  : 370863 MB
#-----------------------------------------------------------
start_gui
WARNING: [Board 49-26] cannot add Board Part xilinx.com:vck190:part0:2.2 available at /tools/Xilinx/Vivado/2024.2/data/xhub/boards/XilinxBoardStore/boards/Xilinx/vck190/production/2.2/board.xml as part xcvc1902-vsva2197-2mp-e-s specified in board_part file is either invalid or not available
WARNING: [Board 49-26] cannot add Board Part xilinx.com:vck190:part0:3.0 available at /tools/Xilinx/Vivado/2024.2/data/xhub/boards/XilinxBoardStore/boards/Xilinx/vck190/production/3.0/board.xml as part xcvc1902-vsva2197-2mp-e-s specified in board_part file is either invalid or not available
WARNING: [Board 49-26] cannot add Board Part xilinx.com:vck190:part0:3.1 available at /tools/Xilinx/Vivado/2024.2/data/xhub/boards/XilinxBoardStore/boards/Xilinx/vck190/production/3.1/board.xml as part xcvc1902-vsva2197-2mp-e-s specified in board_part file is either invalid or not available
WARNING: [Board 49-26] cannot add Board Part xilinx.com:vck190:part0:3.2 available at /tools/Xilinx/Vivado/2024.2/data/xhub/boards/XilinxBoardStore/boards/Xilinx/vck190/production/3.2/board.xml as part xcvc1902-vsva2197-2mp-e-s specified in board_part file is either invalid or not available
WARNING: [Board 49-26] cannot add Board Part xilinx.com:vck190:part0:3.3 available at /tools/Xilinx/Vivado/2024.2/data/xhub/boards/XilinxBoardStore/boards/Xilinx/vck190/production/3.3/board.xml as part xcvc1902-vsva2197-2mp-e-s specified in board_part file is either invalid or not available
WARNING: [Board 49-26] cannot add Board Part xilinx.com:vck190_newl:part0:1.0 available at /tools/Xilinx/Vivado/2024.2/data/xhub/boards/XilinxBoardStore/boards/Xilinx/vck190_newl/production/1.0/board.xml as part xcvc1902-vsva2197-2mp-e-s specified in board_part file is either invalid or not available
WARNING: [Board 49-26] cannot add Board Part xilinx.com:vck190_newl:part0:1.1 available at /tools/Xilinx/Vivado/2024.2/data/xhub/boards/XilinxBoardStore/boards/Xilinx/vck190_newl/production/1.1/board.xml as part xcvc1902-vsva2197-2mp-e-s specified in board_part file is either invalid or not available
WARNING: [Board 49-26] cannot add Board Part xilinx.com:vck190_newl:part0:1.2 available at /tools/Xilinx/Vivado/2024.2/data/xhub/boards/XilinxBoardStore/boards/Xilinx/vck190_newl/production/1.2/board.xml as part xcvc1902-vsva2197-2mp-e-s specified in board_part file is either invalid or not available
WARNING: [Board 49-26] cannot add Board Part xilinx.com:vmk180:part0:2.2 available at /tools/Xilinx/Vivado/2024.2/data/xhub/boards/XilinxBoardStore/boards/Xilinx/vmk180/production/2.2/board.xml as part xcvm1802-vsva2197-2mp-e-s specified in board_part file is either invalid or not available
WARNING: [Board 49-26] cannot add Board Part xilinx.com:vmk180:part0:3.0 available at /tools/Xilinx/Vivado/2024.2/data/xhub/boards/XilinxBoardStore/boards/Xilinx/vmk180/production/3.0/board.xml as part xcvm1802-vsva2197-2mp-e-s specified in board_part file is either invalid or not available
WARNING: [Board 49-26] cannot add Board Part xilinx.com:vmk180:part0:3.1 available at /tools/Xilinx/Vivado/2024.2/data/xhub/boards/XilinxBoardStore/boards/Xilinx/vmk180/production/3.1/board.xml as part xcvm1802-vsva2197-2mp-e-s specified in board_part file is either invalid or not available
WARNING: [Board 49-26] cannot add Board Part xilinx.com:vmk180:part0:3.2 available at /tools/Xilinx/Vivado/2024.2/data/xhub/boards/XilinxBoardStore/boards/Xilinx/vmk180/production/3.2/board.xml as part xcvm1802-vsva2197-2mp-e-s specified in board_part file is either invalid or not available
WARNING: [Board 49-26] cannot add Board Part xilinx.com:vmk180_newl:part0:1.0 available at /tools/Xilinx/Vivado/2024.2/data/xhub/boards/XilinxBoardStore/boards/Xilinx/vmk180_newl/production/1.0/board.xml as part xcvm1802-vsva2197-2mp-e-s specified in board_part file is either invalid or not available
WARNING: [Board 49-26] cannot add Board Part xilinx.com:vmk180_newl:part0:1.1 available at /tools/Xilinx/Vivado/2024.2/data/xhub/boards/XilinxBoardStore/boards/Xilinx/vmk180_newl/production/1.1/board.xml as part xcvm1802-vsva2197-2mp-e-s specified in board_part file is either invalid or not available
WARNING: [Board 49-26] cannot add Board Part xilinx.com:vpk120:part0:1.0 available at /tools/Xilinx/Vivado/2024.2/data/xhub/boards/XilinxBoardStore/boards/Xilinx/vpk120/production/1.0/board.xml as part xcvp1202-vsva2785-2mp-e-s specified in board_part file is either invalid or not available
WARNING: [Board 49-26] cannot add Board Part xilinx.com:vpk120:part0:1.1 available at /tools/Xilinx/Vivado/2024.2/data/xhub/boards/XilinxBoardStore/boards/Xilinx/vpk120/production/1.1/board.xml as part xcvp1202-vsva2785-2mp-e-s specified in board_part file is either invalid or not available
WARNING: [Board 49-26] cannot add Board Part xilinx.com:vpk120:part0:1.2 available at /tools/Xilinx/Vivado/2024.2/data/xhub/boards/XilinxBoardStore/boards/Xilinx/vpk120/production/1.2/board.xml as part xcvp1202-vsva2785-2mp-e-s specified in board_part file is either invalid or not available
open_project /home_cds/std012/digital_system_2026_1/digital_system_2026_1/2_vivado/SN74LS11/SN74LS11.xpr
INFO: [filemgmt 56-3] Default IP Output Path : Could not find the directory '/home_cds/std012/digital_system_2026_1/digital_system_2026_1/2_vivado/SN74LS11/SN74LS11.gen/sources_1'.
Scanning sources...
Finished scanning sources
INFO: [IP_Flow 19-234] Refreshing IP repositories
INFO: [IP_Flow 19-1704] No user IP repositories specified
INFO: [IP_Flow 19-2313] Loaded Vivado IP repository '/tools/Xilinx/Vivado/2024.2/data/ip'.
update_compile_order -fileset sources_1
synth_design -top SN74LS11 -part xc7z020clg400-1 -lint 
Command: synth_design -top SN74LS11 -part xc7z020clg400-1 -lint
Starting synth_design
Attempting to get a license for feature 'Synthesis' and/or device 'xc7z020'
INFO: [Common 17-349] Got license for feature 'Synthesis' and/or device 'xc7z020'
INFO: [Synth 8-7079] Multithreading enabled for synth_design using a maximum of 7 processes.
INFO: [Synth 8-7078] Launching helper process for spawning children vivado processes
INFO: [Synth 8-7075] Helper process launched with PID 283514
---------------------------------------------------------------------------------
Starting Synthesize : Time (s): cpu = 00:00:04 ; elapsed = 00:00:04 . Memory (MB): peak = 8304.996 ; gain = 357.660 ; free physical = 301051 ; free virtual = 354609
---------------------------------------------------------------------------------
Clean up Linter database...
INFO: [Synth 8-6157] synthesizing module 'SN74LS11' [/home_cds/std012/digital_system_2026_1/digital_system_2026_1/2_vivado/SN74LS11/SN74LS11.srcs/sources_1/new/SN74LS11.v:3]
INFO: [Synth 8-6157] synthesizing module 'AND3X1' [/home_cds/std012/digital_system_2026_1/digital_system_2026_1/2_vivado/SN74LS11/SN74LS11.srcs/sources_1/new/AND3X1.v:3]
INFO: [Synth 8-6155] done synthesizing module 'AND3X1' (1#1) [/home_cds/std012/digital_system_2026_1/digital_system_2026_1/2_vivado/SN74LS11/SN74LS11.srcs/sources_1/new/AND3X1.v:3]
INFO: [Synth 8-6155] done synthesizing module 'SN74LS11' (2#1) [/home_cds/std012/digital_system_2026_1/digital_system_2026_1/2_vivado/SN74LS11/SN74LS11.srcs/sources_1/new/SN74LS11.v:3]
---------------------------------------------------------------------------------
Finished Synthesize : Time (s): cpu = 00:00:06 ; elapsed = 00:00:06 . Memory (MB): peak = 8374.965 ; gain = 427.629 ; free physical = 300972 ; free virtual = 354531
---------------------------------------------------------------------------------
Copyright 1986-2022 Xilinx, Inc. All Rights Reserved. Copyright 2022-2024 Advanced Micro Devices, Inc. All Rights Reserved.
---------------------------------------------------------------------------------------------------------------------------------------------
| Tool Version : Vivado v.2024.2 (lin64) Build 5239630 Fri Nov 08 22:34:34 MST 2024
| Date         : Fri Apr  3 15:00:16 2026
| Host         : ky-cds-semi running 64-bit Red Hat Enterprise Linux release 8.1 (Ootpa)
---------------------------------------------------------------------------------------------------------------------------------------------

RTL Linter Report

Table of Contents
-----------------
1. Summary

1. Summary
----------

+---------+----------+--------------+----------+
| Rule ID | Severity | # Violations | # Waived |
+---------+----------+--------------+----------+


INFO: [Synth 37-85] Total of 0 linter message(s) generated.
INFO: [Synth 37-45] Linter Run Finished!
Synthesis Optimization Runtime : Time (s): cpu = 00:00:06 ; elapsed = 00:00:06 . Memory (MB): peak = 8392.777 ; gain = 445.441 ; free physical = 300962 ; free virtual = 354521
INFO: [Common 17-83] Releasing license: Synthesis
11 Infos, 0 Warnings, 0 Critical Warnings and 0 Errors encountered.
synth_design completed successfully
synth_design: Time (s): cpu = 00:00:06 ; elapsed = 00:00:06 . Memory (MB): peak = 8392.785 ; gain = 445.449 ; free physical = 300952 ; free virtual = 354511
INFO: [Common 17-2834] synth_design peak Physical Memory [PSS] (MB): overall = 1718.108; main = 1471.252; forked = 246.856
INFO: [Common 17-2834] synth_design peak Virtual Memory [VSS] (MB): overall = 9328.258; main = 8392.781; forked = 935.477
synth_design -rtl -rtl_skip_mlo -name rtl_1
Command: synth_design -rtl -rtl_skip_mlo -name rtl_1
Starting synth_design
Using part: xc7z020clg400-1
Top: SN74LS11
INFO: [Device 21-403] Loading part xc7z020clg400-1
INFO: [Synth 8-7079] Multithreading enabled for synth_design using a maximum of 7 processes.
---------------------------------------------------------------------------------
Starting RTL Elaboration : Time (s): cpu = 00:00:05 ; elapsed = 00:00:04 . Memory (MB): peak = 8506.621 ; gain = 88.992 ; free physical = 300941 ; free virtual = 354500
---------------------------------------------------------------------------------
INFO: [Synth 8-6157] synthesizing module 'SN74LS11' [/home_cds/std012/digital_system_2026_1/digital_system_2026_1/2_vivado/SN74LS11/SN74LS11.srcs/sources_1/new/SN74LS11.v:3]
INFO: [Synth 8-6157] synthesizing module 'AND3X1' [/home_cds/std012/digital_system_2026_1/digital_system_2026_1/2_vivado/SN74LS11/SN74LS11.srcs/sources_1/new/AND3X1.v:3]
INFO: [Synth 8-6155] done synthesizing module 'AND3X1' (0#1) [/home_cds/std012/digital_system_2026_1/digital_system_2026_1/2_vivado/SN74LS11/SN74LS11.srcs/sources_1/new/AND3X1.v:3]
INFO: [Synth 8-6155] done synthesizing module 'SN74LS11' (0#1) [/home_cds/std012/digital_system_2026_1/digital_system_2026_1/2_vivado/SN74LS11/SN74LS11.srcs/sources_1/new/SN74LS11.v:3]
---------------------------------------------------------------------------------
Finished RTL Elaboration : Time (s): cpu = 00:00:06 ; elapsed = 00:00:05 . Memory (MB): peak = 8585.621 ; gain = 167.992 ; free physical = 300852 ; free virtual = 354411
---------------------------------------------------------------------------------
---------------------------------------------------------------------------------
Start Handling Custom Attributes
---------------------------------------------------------------------------------
---------------------------------------------------------------------------------
Finished Handling Custom Attributes : Time (s): cpu = 00:00:06 ; elapsed = 00:00:06 . Memory (MB): peak = 8591.559 ; gain = 173.930 ; free physical = 300848 ; free virtual = 354407
---------------------------------------------------------------------------------
---------------------------------------------------------------------------------
Finished RTL Optimization Phase 1 : Time (s): cpu = 00:00:06 ; elapsed = 00:00:06 . Memory (MB): peak = 8591.559 ; gain = 173.930 ; free physical = 300848 ; free virtual = 354407
---------------------------------------------------------------------------------
Netlist sorting complete. Time (s): cpu = 00:00:00 ; elapsed = 00:00:00 . Memory (MB): peak = 8591.566 ; gain = 0.000 ; free physical = 300845 ; free virtual = 354404
INFO: [Project 1-570] Preparing netlist for logic optimization

Processing XDC Constraints
Initializing timing engine
Completed Processing XDC Constraints

Netlist sorting complete. Time (s): cpu = 00:00:00 ; elapsed = 00:00:00 . Memory (MB): peak = 8662.090 ; gain = 0.000 ; free physical = 301010 ; free virtual = 354569
INFO: [Project 1-111] Unisim Transformation Summary:
No Unisim elements were transformed.

RTL Elaboration Complete:  : Time (s): cpu = 00:00:16 ; elapsed = 00:00:10 . Memory (MB): peak = 8894.285 ; gain = 476.656 ; free physical = 300748 ; free virtual = 354307
8 Infos, 0 Warnings, 0 Critical Warnings and 0 Errors encountered.
synth_design completed successfully
synth_design: Time (s): cpu = 00:00:19 ; elapsed = 00:00:13 . Memory (MB): peak = 8894.285 ; gain = 491.500 ; free physical = 300749 ; free virtual = 354308
INFO: [Common 17-2834] synth_design peak Physical Memory [PSS] (MB): overall = 1943.190; main = 1943.190; forked = 0.000
INFO: [Common 17-2834] synth_design peak Virtual Memory [VSS] (MB): overall = 8881.270; main = 8881.270; forked = 0.000
exit
INFO: [Common 17-206] Exiting Vivado at Fri Apr  3 15:01:44 2026...
